<?xml version="1.0" encoding="UTF-8"?>
<testsuite xmlns:xsi="http://www.w3.org/2001/XMLSchema-instance" xsi:noNamespaceSchemaLocation="https://maven.apache.org/surefire/maven-surefire-plugin/xsd/surefire-test-report.xsd" name="org.seckill.dao.SucessKillTest" time="0.075" tests="2" errors="0" skipped="0" failures="0">
  <properties>
    <property name="sun.desktop" value="windows"/>
    <property name="awt.toolkit" value="sun.awt.windows.WToolkit"/>
    <property name="java.specification.version" value="12"/>
    <property name="sun.cpu.isalist" value="amd64"/>
    <property name="sun.jnu.encoding" value="GBK"/>
    <property name="java.class.path" value="D:\Code\Java\seckill\target\test-classes;D:\Code\Java\seckill\target\classes;D:\ENV\apache-maven-3.6.1\maven-repo\junit\junit\4.12\junit-4.12.jar;D:\ENV\apache-maven-3.6.1\maven-repo\org\hamcrest\hamcrest-core\1.3\hamcrest-core-1.3.jar;D:\ENV\apache-maven-3.6.1\maven-repo\org\slf4j\slf4j-api\1.7.30\slf4j-api-1.7.30.jar;D:\ENV\apache-maven-3.6.1\maven-repo\ch\qos\logback\logback-core\1.2.3\logback-core-1.2.3.jar;D:\ENV\apache-maven-3.6.1\maven-repo\ch\qos\logback\logback-classic\1.2.3\logback-classic-1.2.3.jar;D:\ENV\apache-maven-3.6.1\maven-repo\mysql\mysql-connector-java\5.1.47\mysql-connector-java-5.1.47.jar;D:\ENV\apache-maven-3.6.1\maven-repo\com\mchange\c3p0\0.9.5.2\c3p0-0.9.5.2.jar;D:\ENV\apache-maven-3.6.1\maven-repo\com\mchange\mchange-commons-java\0.2.11\mchange-commons-java-0.2.11.jar;D:\ENV\apache-maven-3.6.1\maven-repo\org\mybatis\mybatis\3.4.6\mybatis-3.4.6.jar;D:\ENV\apache-maven-3.6.1\maven-repo\org\mybatis\mybatis-spring\1.3.2\mybatis-spring-1.3.2.jar;D:\ENV\apache-maven-3.6.1\maven-repo\taglibs\standard\1.1.2\standard-1.1.2.jar;D:\ENV\apache-maven-3.6.1\maven-repo\jstl\jstl\1.2\jstl-1.2.jar;D:\ENV\apache-maven-3.6.1\maven-repo\com\fasterxml\jackson\core\jackson-databind\2.5.2\jackson-databind-2.5.2.jar;D:\ENV\apache-maven-3.6.1\maven-repo\com\fasterxml\jackson\core\jackson-annotations\2.5.0\jackson-annotations-2.5.0.jar;D:\ENV\apache-maven-3.6.1\maven-repo\com\fasterxml\jackson\core\jackson-core\2.5.1\jackson-core-2.5.1.jar;D:\ENV\apache-maven-3.6.1\maven-repo\javax\servlet\javax.servlet-api\3.1.0\javax.servlet-api-3.1.0.jar;D:\ENV\apache-maven-3.6.1\maven-repo\javax\annotation\javax.annotation-api\1.3.2\javax.annotation-api-1.3.2.jar;D:\ENV\apache-maven-3.6.1\maven-repo\org\springframework\spring-core\5.1.5.RELEASE\spring-core-5.1.5.RELEASE.jar;D:\ENV\apache-maven-3.6.1\maven-repo\org\springframework\spring-jcl\5.1.5.RELEASE\spring-jcl-5.1.5.RELEASE.jar;D:\ENV\apache-maven-3.6.1\maven-repo\org\springframework\spring-context\5.1.5.RELEASE\spring-context-5.1.5.RELEASE.jar;D:\ENV\apache-maven-3.6.1\maven-repo\org\springframework\spring-aop\5.1.5.RELEASE\spring-aop-5.1.5.RELEASE.jar;D:\ENV\apache-maven-3.6.1\maven-repo\org\springframework\spring-expression\5.1.5.RELEASE\spring-expression-5.1.5.RELEASE.jar;D:\ENV\apache-maven-3.6.1\maven-repo\org\springframework\spring-beans\5.1.5.RELEASE\spring-beans-5.1.5.RELEASE.jar;D:\ENV\apache-maven-3.6.1\maven-repo\org\springframework\spring-jdbc\5.2.2.RELEASE\spring-jdbc-5.2.2.RELEASE.jar;D:\ENV\apache-maven-3.6.1\maven-repo\org\springframework\spring-tx\5.0.3.RELEASE\spring-tx-5.0.3.RELEASE.jar;D:\ENV\apache-maven-3.6.1\maven-repo\org\springframework\spring-web\5.2.2.RELEASE\spring-web-5.2.2.RELEASE.jar;D:\ENV\apache-maven-3.6.1\maven-repo\org\springframework\spring-webmvc\5.2.2.RELEASE\spring-webmvc-5.2.2.RELEASE.jar;D:\ENV\apache-maven-3.6.1\maven-repo\org\springframework\spring-test\5.0.3.RELEASE\spring-test-5.0.3.RELEASE.jar;"/>
    <property name="java.vm.vendor" value="Oracle Corporation"/>
    <property name="sun.arch.data.model" value="64"/>
    <property name="user.variant" value=""/>
    <property name="java.vendor.url" value="https://java.oracle.com/"/>
    <property name="user.timezone" value="Asia/Shanghai"/>
    <property name="os.name" value="Windows 10"/>
    <property name="java.vm.specification.version" value="12"/>
    <property name="sun.java.launcher" value="SUN_STANDARD"/>
    <property name="user.country" value="CN"/>
    <property name="sun.boot.library.path" value="C:\Program Files\Java\jdk-12.0.2\bin"/>
    <property name="sun.java.command" value="C:\Users\hztyz\AppData\Local\Temp\surefire9879978576438258941\surefirebooter13465716362431966734.jar C:\Users\hztyz\AppData\Local\Temp\surefire9879978576438258941 2020-02-22T17-16-41_717-jvmRun1 surefire4437557129087302577tmp surefire_03631761025807081807tmp"/>
    <property name="jdk.debug" value="release"/>
    <property name="surefire.test.class.path" value="D:\Code\Java\seckill\target\test-classes;D:\Code\Java\seckill\target\classes;D:\ENV\apache-maven-3.6.1\maven-repo\junit\junit\4.12\junit-4.12.jar;D:\ENV\apache-maven-3.6.1\maven-repo\org\hamcrest\hamcrest-core\1.3\hamcrest-core-1.3.jar;D:\ENV\apache-maven-3.6.1\maven-repo\org\slf4j\slf4j-api\1.7.30\slf4j-api-1.7.30.jar;D:\ENV\apache-maven-3.6.1\maven-repo\ch\qos\logback\logback-core\1.2.3\logback-core-1.2.3.jar;D:\ENV\apache-maven-3.6.1\maven-repo\ch\qos\logback\logback-classic\1.2.3\logback-classic-1.2.3.jar;D:\ENV\apache-maven-3.6.1\maven-repo\mysql\mysql-connector-java\5.1.47\mysql-connector-java-5.1.47.jar;D:\ENV\apache-maven-3.6.1\maven-repo\com\mchange\c3p0\0.9.5.2\c3p0-0.9.5.2.jar;D:\ENV\apache-maven-3.6.1\maven-repo\com\mchange\mchange-commons-java\0.2.11\mchange-commons-java-0.2.11.jar;D:\ENV\apache-maven-3.6.1\maven-repo\org\mybatis\mybatis\3.4.6\mybatis-3.4.6.jar;D:\ENV\apache-maven-3.6.1\maven-repo\org\mybatis\mybatis-spring\1.3.2\mybatis-spring-1.3.2.jar;D:\ENV\apache-maven-3.6.1\maven-repo\taglibs\standard\1.1.2\standard-1.1.2.jar;D:\ENV\apache-maven-3.6.1\maven-repo\jstl\jstl\1.2\jstl-1.2.jar;D:\ENV\apache-maven-3.6.1\maven-repo\com\fasterxml\jackson\core\jackson-databind\2.5.2\jackson-databind-2.5.2.jar;D:\ENV\apache-maven-3.6.1\maven-repo\com\fasterxml\jackson\core\jackson-annotations\2.5.0\jackson-annotations-2.5.0.jar;D:\ENV\apache-maven-3.6.1\maven-repo\com\fasterxml\jackson\core\jackson-core\2.5.1\jackson-core-2.5.1.jar;D:\ENV\apache-maven-3.6.1\maven-repo\javax\servlet\javax.servlet-api\3.1.0\javax.servlet-api-3.1.0.jar;D:\ENV\apache-maven-3.6.1\maven-repo\javax\annotation\javax.annotation-api\1.3.2\javax.annotation-api-1.3.2.jar;D:\ENV\apache-maven-3.6.1\maven-repo\org\springframework\spring-core\5.1.5.RELEASE\spring-core-5.1.5.RELEASE.jar;D:\ENV\apache-maven-3.6.1\maven-repo\org\springframework\spring-jcl\5.1.5.RELEASE\spring-jcl-5.1.5.RELEASE.jar;D:\ENV\apache-maven-3.6.1\maven-repo\org\springframework\spring-context\5.1.5.RELEASE\spring-context-5.1.5.RELEASE.jar;D:\ENV\apache-maven-3.6.1\maven-repo\org\springframework\spring-aop\5.1.5.RELEASE\spring-aop-5.1.5.RELEASE.jar;D:\ENV\apache-maven-3.6.1\maven-repo\org\springframework\spring-expression\5.1.5.RELEASE\spring-expression-5.1.5.RELEASE.jar;D:\ENV\apache-maven-3.6.1\maven-repo\org\springframework\spring-beans\5.1.5.RELEASE\spring-beans-5.1.5.RELEASE.jar;D:\ENV\apache-maven-3.6.1\maven-repo\org\springframework\spring-jdbc\5.2.2.RELEASE\spring-jdbc-5.2.2.RELEASE.jar;D:\ENV\apache-maven-3.6.1\maven-repo\org\springframework\spring-tx\5.0.3.RELEASE\spring-tx-5.0.3.RELEASE.jar;D:\ENV\apache-maven-3.6.1\maven-repo\org\springframework\spring-web\5.2.2.RELEASE\spring-web-5.2.2.RELEASE.jar;D:\ENV\apache-maven-3.6.1\maven-repo\org\springframework\spring-webmvc\5.2.2.RELEASE\spring-webmvc-5.2.2.RELEASE.jar;D:\ENV\apache-maven-3.6.1\maven-repo\org\springframework\spring-test\5.0.3.RELEASE\spring-test-5.0.3.RELEASE.jar;"/>
    <property name="sun.cpu.endian" value="little"/>
    <property name="user.home" value="C:\Users\hztyz"/>
    <property name="user.language" value="zh"/>
    <property name="java.specification.vendor" value="Oracle Corporation"/>
    <property name="java.version.date" value="2019-07-16"/>
    <property name="java.home" value="C:\Program Files\Java\jdk-12.0.2"/>
    <property name="file.separator" value="\"/>
    <property name="basedir" value="D:\Code\Java\seckill"/>
    <property name="java.vm.compressedOopsMode" value="Zero based"/>
    <property name="line.separator" value="&#10;"/>
    <property name="java.vm.specification.vendor" value="Oracle Corporation"/>
    <property name="java.specification.name" value="Java Platform API Specification"/>
    <property name="java.awt.graphicsenv" value="sun.awt.Win32GraphicsEnvironment"/>
    <property name="surefire.real.class.path" value="C:\Users\hztyz\AppData\Local\Temp\surefire9879978576438258941\surefirebooter13465716362431966734.jar"/>
    <property name="user.script" value=""/>
    <property name="sun.management.compiler" value="HotSpot 64-Bit Tiered Compilers"/>
    <property name="java.runtime.version" value="12.0.2+10"/>
    <property name="user.name" value="hztyz"/>
    <property name="path.separator" value=";"/>
    <property name="os.version" value="10.0"/>
    <property name="java.runtime.name" value="Java(TM) SE Runtime Environment"/>
    <property name="file.encoding" value="GBK"/>
    <property name="java.vm.name" value="Java HotSpot(TM) 64-Bit Server VM"/>
    <property name="localRepository" value="D:\ENV\apache-maven-3.6.1\maven-repo"/>
    <property name="java.vendor.url.bug" value="https://bugreport.java.com/bugreport/"/>
    <property name="java.io.tmpdir" value="C:\Users\hztyz\AppData\Local\Temp\"/>
    <property name="java.version" value="12.0.2"/>
    <property name="user.dir" value="D:\Code\Java\seckill"/>
    <property name="os.arch" value="amd64"/>
    <property name="java.vm.specification.name" value="Java Virtual Machine Specification"/>
    <property name="sun.os.patch.level" value=""/>
    <property name="idea.version2019.3.3" value="true"/>
    <property name="java.library.path" value="C:\Program Files\Java\jdk-12.0.2\bin;C:\WINDOWS\Sun\Java\bin;C:\WINDOWS\system32;C:\WINDOWS;C:\Program Files (x86)\Common Files\Oracle\Java\javapath;C:\Program Files\Java\jdk-12.0.2\bin;D:\Software\;C:\MinGW\bin;D:\ENV\mysql-5.7.28-winx64\bin;D:\ENV\apache-maven-3.6.1\bin;C:\python27;C:\python27\Scripts;C:\Windows;C:\Windows\System32\Wbem;C:\Windows\System32\WindowsPowerShell\v1.0\;C:\Windows\System32\OpenSSH\;C:\Program Files (x86)\NVIDIA Corporation\PhysX\Common;C:\Strawberry\c\bin;C:\Strawberry\perl\site\bin;C:\Strawberry\perl\bin;C:\WINDOWS\system32;C:\WINDOWS;C:\WINDOWS\System32\Wbem;C:\WINDOWS\System32\WindowsPowerShell\v1.0\;C:\WINDOWS\System32\OpenSSH\;C:\Program Files\NVIDIA Corporation\NVIDIA NvDLISR;D:\CodeSoftware\bin;C:\WINDOWS\system32;C:\WINDOWS;C:\WINDOWS\System32\Wbem;C:\WINDOWS\System32\WindowsPowerShell\v1.0\;C:\WINDOWS\System32\OpenSSH\;D:\Software\100\Tools\Binn\;D:\Software\100\DTS\Binn\;D:\Software\100\Tools\Binn\VSShell\Common7\IDE\;C:\Program Files (x86)\Microsoft Visual Studio 9.0\Common7\IDE\PrivateAssemblies\;C:\Program Files\MySQL\MySQL Shell 8.0\bin\;D:\CodeSoftware\CLion 2019.1.4\bin;;D:\Software\IntelliJ IDEA 2019.3.3\bin;;D:\CodeSoftware\GoLand 2019.1.3\bin;;C:\Users\hztyz\go\bin;D:\CodeSoftware\DataGrip 2019.2.6\bin;;C:\Users\hztyz\AppData\Local\Microsoft\WindowsApps;;."/>
    <property name="java.vm.info" value="mixed mode, sharing"/>
    <property name="java.vendor" value="Oracle Corporation"/>
    <property name="java.vm.version" value="12.0.2+10"/>
    <property name="sun.io.unicode.encoding" value="UnicodeLittle"/>
    <property name="java.class.version" value="56.0"/>
  </properties>
  <testcase name="insertSuccessKilled" classname="org.seckill.dao.SucessKillTest" time="0.011"/>
  <testcase name="queryByIdWithSeckill" classname="org.seckill.dao.SucessKillTest" time="0.012"/>
</testsuite>